-------------------------------------------------------------------------------
Test set: unit.BenderTest
-------------------------------------------------------------------------------
Tests run: 2, Failures: 1, Errors: 0, Skipped: 0, Time elapsed: 0.046 sec <<< FAILURE! - in unit.BenderTest
benderShouldBeOnCellAtBottomOfStartOneAfterOneCycle(unit.BenderTest)  Time elapsed: 0.004 sec  <<< FAILURE!
java.lang.AssertionError: expected:<2> but was:<1>
	at org.junit.Assert.fail(Assert.java:88)
	at org.junit.Assert.failNotEquals(Assert.java:743)
	at org.junit.Assert.assertEquals(Assert.java:118)
	at org.junit.Assert.assertEquals(Assert.java:555)
	at org.junit.Assert.assertEquals(Assert.java:542)
	at unit.BenderTest.benderShouldBeOnCellAtBottomOfStartOneAfterOneCycle(BenderTest.java:68)

